WARNING: method definition for convert at /home/simoneb/.julia/packages/MonteCarloMeasurements/OfA8r/src/unitful.jl:20 declares type variable T but does not use it.
WARNING: method definition for convert at /home/simoneb/.julia/packages/MonteCarloMeasurements/OfA8r/src/unitful.jl:20 declares type variable T but does not use it.
Sampling   0%|                                          |  ETA: N/A
Sampling   0%|▎                                         |  ETA: 0:40:42
Sampling   1%|▌                                         |  ETA: 0:32:15
Sampling   2%|▋                                         |  ETA: 0:31:49
Sampling   2%|▉                                         |  ETA: 0:32:26
Sampling   3%|█▏                                        |  ETA: 0:34:13
Sampling   3%|█▎                                        |  ETA: 0:35:03
Sampling   4%|█▌                                        |  ETA: 0:35:17
Sampling   4%|█▊                                        |  ETA: 0:36:36
Sampling   5%|█▉                                        |  ETA: 0:38:03
Sampling   5%|██▏                                       |  ETA: 0:38:44
Sampling   6%|██▍                                       |  ETA: 0:38:42
Sampling   6%|██▌                                       |  ETA: 0:38:09
Sampling   7%|██▊                                       |  ETA: 0:38:06
Sampling   7%|███                                       |  ETA: 0:38:48
Sampling   8%|███▏                                      |  ETA: 0:39:21
Sampling   8%|███▍                                      |  ETA: 0:38:53
Sampling   9%|███▋                                      |  ETA: 0:38:20
Sampling   9%|███▊                                      |  ETA: 0:38:12
Sampling  10%|████                                      |  ETA: 0:38:35
Sampling  10%|████▎                                     |  ETA: 0:39:04
Sampling  10%|████▍                                     |  ETA: 0:38:32
Sampling  11%|████▋                                     |  ETA: 0:38:15
Sampling  11%|████▉                                     |  ETA: 0:37:55
Sampling  12%|█████                                     |  ETA: 0:38:13
Sampling  12%|█████▎                                    |  ETA: 0:38:24
Sampling  13%|█████▌                                    |  ETA: 4:23:00
Sampling  13%|█████▋                                    |  ETA: 4:13:18
Sampling  14%|█████▉                                    |  ETA: 4:04:17
Sampling  14%|██████▏                                   |  ETA: 3:56:02
Sampling  15%|██████▎                                   |  ETA: 3:48:08
Sampling  15%|██████▌                                   |  ETA: 3:40:34
Sampling  16%|██████▊                                   |  ETA: 3:33:33
Sampling  16%|██████▉                                   |  ETA: 3:26:58
Sampling  17%|███████▏                                  |  ETA: 3:21:24
Sampling  17%|███████▍                                  |  ETA: 3:15:50
Sampling  18%|███████▌                                  |  ETA: 3:10:06
Sampling  18%|███████▊                                  |  ETA: 3:04:49
Sampling  19%|████████                                  |  ETA: 2:59:46
Sampling  19%|████████▏                                 |  ETA: 2:55:04
Sampling  20%|████████▍                                 |  ETA: 2:50:37
Sampling  20%|████████▋                                 |  ETA: 2:46:09
Sampling  21%|████████▊                                 |  ETA: 2:42:00
Sampling  21%|█████████                                 |  ETA: 2:38:00
Sampling  22%|█████████▎                                |  ETA: 2:34:16
Sampling  22%|█████████▍                                |  ETA: 2:30:43
Sampling  23%|█████████▋                                |  ETA: 2:27:15
Sampling  23%|█████████▉                                |  ETA: 2:23:53
Sampling  24%|██████████                                |  ETA: 2:20:45
Sampling  24%|██████████▎                               |  ETA: 2:17:44
Sampling  25%|██████████▌                               |  ETA: 2:14:50
Sampling  25%|██████████▋                               |  ETA: 2:12:01
Sampling  26%|██████████▉                               |  ETA: 2:09:17
Sampling  26%|███████████                               |  ETA: 2:06:41
Sampling  27%|███████████▎                              |  ETA: 2:04:08
Sampling  27%|███████████▌                              |  ETA: 2:01:46
Sampling  28%|███████████▋                              |  ETA: 1:59:26
Sampling  28%|███████████▉                              |  ETA: 1:57:06
Sampling  29%|████████████▏                             |  ETA: 1:54:53
Sampling  29%|████████████▎                             |  ETA: 1:52:48
Sampling  30%|████████████▌                             |  ETA: 1:50:43
Sampling  30%|████████████▊                             |  ETA: 1:48:40
Sampling  31%|████████████▉                             |  ETA: 1:46:35
Sampling  31%|█████████████▏                            |  ETA: 1:44:41
Sampling  32%|█████████████▍                            |  ETA: 1:42:49
Sampling  32%|█████████████▌                            |  ETA: 1:41:01
Sampling  33%|█████████████▊                            |  ETA: 1:39:12
Sampling  33%|██████████████                            |  ETA: 1:37:26
Sampling  34%|██████████████▏                           |  ETA: 1:35:47
Sampling  34%|██████████████▍                           |  ETA: 1:34:10
Sampling  35%|██████████████▋                           |  ETA: 1:32:36
Sampling  35%|██████████████▊                           |  ETA: 1:31:02
Sampling  36%|███████████████                           |  ETA: 1:29:29
Sampling  36%|███████████████▎                          |  ETA: 1:27:58
Sampling  37%|███████████████▍                          |  ETA: 1:26:32
Sampling  37%|███████████████▋                          |  ETA: 1:25:10
Sampling  38%|███████████████▉                          |  ETA: 1:23:45
Sampling  38%|████████████████                          |  ETA: 1:22:21
Sampling  39%|████████████████▎                         |  ETA: 1:21:01
Sampling  39%|████████████████▌                         |  ETA: 1:19:44
Sampling  40%|████████████████▋                         |  ETA: 1:18:28
Sampling  40%|████████████████▉                         |  ETA: 1:17:11
Sampling  41%|█████████████████▏                        |  ETA: 1:15:55
Sampling  41%|█████████████████▎                        |  ETA: 1:14:42
Sampling  42%|█████████████████▌                        |  ETA: 1:13:31
Sampling  42%|█████████████████▊                        |  ETA: 1:12:24
Sampling  43%|█████████████████▉                        |  ETA: 1:11:15
Sampling  43%|██████████████████▏                       |  ETA: 1:10:07
Sampling  44%|██████████████████▍                       |  ETA: 1:08:59
Sampling  44%|██████████████████▌                       |  ETA: 1:07:55
Sampling  45%|██████████████████▊                       |  ETA: 1:06:52
Sampling  45%|███████████████████                       |  ETA: 1:05:50
Sampling  46%|███████████████████▏                      |  ETA: 1:04:47
Sampling  46%|███████████████████▍                      |  ETA: 1:03:45
Sampling  47%|███████████████████▋                      |  ETA: 1:02:45
Sampling  47%|███████████████████▊                      |  ETA: 1:01:48
Sampling  48%|████████████████████                      |  ETA: 1:00:51
Sampling  48%|████████████████████▎                     |  ETA: 0:59:52
Sampling  49%|████████████████████▍                     |  ETA: 0:58:54
Sampling  49%|████████████████████▋                     |  ETA: 0:58:00
Sampling  50%|████████████████████▉                     |  ETA: 0:57:07
Sampling  50%|█████████████████████                     |  ETA: 0:56:14
Sampling  51%|█████████████████████▎                    |  ETA: 0:55:21
Sampling  51%|█████████████████████▌                    |  ETA: 0:54:28
Sampling  52%|█████████████████████▋                    |  ETA: 0:53:37
Sampling  52%|█████████████████████▉                    |  ETA: 0:52:48
Sampling  53%|██████████████████████▏                   |  ETA: 0:51:59
Sampling  53%|██████████████████████▎                   |  ETA: 0:51:09
Sampling  54%|██████████████████████▌                   |  ETA: 0:50:20
Sampling  54%|██████████████████████▊                   |  ETA: 0:49:33
Sampling  55%|██████████████████████▉                   |  ETA: 0:48:48
Sampling  55%|███████████████████████▏                  |  ETA: 0:48:02
Sampling  56%|███████████████████████▍                  |  ETA: 0:47:14
Sampling  56%|███████████████████████▌                  |  ETA: 0:46:29
Sampling  57%|███████████████████████▊                  |  ETA: 0:45:45
Sampling  57%|████████████████████████                  |  ETA: 0:45:03
Sampling  58%|████████████████████████▏                 |  ETA: 0:44:20
Sampling  58%|████████████████████████▍                 |  ETA: 0:43:36
Sampling  59%|████████████████████████▋                 |  ETA: 0:42:53
Sampling  59%|████████████████████████▊                 |  ETA: 0:42:11
Sampling  60%|█████████████████████████                 |  ETA: 0:41:31
Sampling  60%|█████████████████████████▎                |  ETA: 0:40:49
Sampling  60%|█████████████████████████▍                |  ETA: 0:40:08
Sampling  61%|█████████████████████████▋                |  ETA: 0:39:26
Sampling  61%|█████████████████████████▉                |  ETA: 0:38:46
Sampling  62%|██████████████████████████                |  ETA: 0:38:08
Sampling  62%|██████████████████████████▎               |  ETA: 0:37:29
Sampling  63%|██████████████████████████▌               |  ETA: 0:36:49
Sampling  63%|██████████████████████████▋               |  ETA: 0:36:09
Sampling  64%|██████████████████████████▉               |  ETA: 0:35:31
Sampling  64%|███████████████████████████▏              |  ETA: 0:34:55
Sampling  65%|███████████████████████████▎              |  ETA: 0:34:18
Sampling  65%|███████████████████████████▌              |  ETA: 0:33:40
Sampling  66%|███████████████████████████▊              |  ETA: 0:33:03
Sampling  66%|███████████████████████████▉              |  ETA: 0:32:27
Sampling  67%|████████████████████████████▏             |  ETA: 0:31:53
Sampling  67%|████████████████████████████▍             |  ETA: 0:31:17
Sampling  68%|████████████████████████████▌             |  ETA: 0:30:41
Sampling  68%|████████████████████████████▊             |  ETA: 0:30:05
Sampling  69%|█████████████████████████████             |  ETA: 0:29:31
Sampling  69%|█████████████████████████████▏            |  ETA: 0:28:58
Sampling  70%|█████████████████████████████▍            |  ETA: 0:28:24
Sampling  70%|█████████████████████████████▋            |  ETA: 0:27:49
Sampling  71%|█████████████████████████████▊            |  ETA: 0:27:15
Sampling  71%|██████████████████████████████            |  ETA: 0:26:41
Sampling  72%|██████████████████████████████▎           |  ETA: 0:26:10
Sampling  72%|██████████████████████████████▍           |  ETA: 0:25:37
Sampling  73%|██████████████████████████████▋           |  ETA: 0:25:04
Sampling  73%|██████████████████████████████▉           |  ETA: 0:24:32
Sampling  74%|███████████████████████████████           |  ETA: 0:24:00
Sampling  74%|███████████████████████████████▎          |  ETA: 0:23:29
Sampling  75%|███████████████████████████████▌          |  ETA: 0:22:58
Sampling  75%|███████████████████████████████▋          |  ETA: 0:22:26
Sampling  76%|███████████████████████████████▉          |  ETA: 0:21:55
Sampling  76%|████████████████████████████████          |  ETA: 0:21:24
Sampling  77%|████████████████████████████████▎         |  ETA: 0:20:54
Sampling  77%|████████████████████████████████▌         |  ETA: 0:20:24
Sampling  78%|████████████████████████████████▋         |  ETA: 0:19:53
Sampling  78%|████████████████████████████████▉         |  ETA: 0:19:23
Sampling  79%|█████████████████████████████████▏        |  ETA: 0:18:53
Sampling  79%|█████████████████████████████████▎        |  ETA: 0:18:24
Sampling  80%|█████████████████████████████████▌        |  ETA: 0:17:55
Sampling  80%|█████████████████████████████████▊        |  ETA: 0:17:25
Sampling  81%|█████████████████████████████████▉        |  ETA: 0:16:56
Sampling  81%|██████████████████████████████████▏       |  ETA: 0:16:27
Sampling  82%|██████████████████████████████████▍       |  ETA: 0:15:59
Sampling  82%|██████████████████████████████████▌       |  ETA: 0:15:31
Sampling  83%|██████████████████████████████████▊       |  ETA: 0:15:02
Sampling  83%|███████████████████████████████████       |  ETA: 0:14:34
Sampling  84%|███████████████████████████████████▏      |  ETA: 0:14:05
Sampling  84%|███████████████████████████████████▍      |  ETA: 0:13:38
Sampling  85%|███████████████████████████████████▋      |  ETA: 0:13:10
Sampling  85%|███████████████████████████████████▊      |  ETA: 0:12:43
Sampling  86%|████████████████████████████████████      |  ETA: 0:12:15
Sampling  86%|████████████████████████████████████▎     |  ETA: 0:11:48
Sampling  87%|████████████████████████████████████▍     |  ETA: 0:11:21
Sampling  87%|████████████████████████████████████▋     |  ETA: 0:10:54
Sampling  88%|████████████████████████████████████▉     |  ETA: 0:10:27
Sampling  88%|█████████████████████████████████████     |  ETA: 0:10:00
Sampling  89%|█████████████████████████████████████▎    |  ETA: 0:09:33
Sampling  89%|█████████████████████████████████████▌    |  ETA: 0:09:07
Sampling  90%|█████████████████████████████████████▋    |  ETA: 0:08:41
Sampling  90%|█████████████████████████████████████▉    |  ETA: 0:08:15
Sampling  91%|██████████████████████████████████████▏   |  ETA: 0:07:48
Sampling  91%|██████████████████████████████████████▎   |  ETA: 0:07:22
Sampling  92%|██████████████████████████████████████▌   |  ETA: 0:06:57
Sampling  92%|██████████████████████████████████████▊   |  ETA: 0:06:31
Sampling  93%|██████████████████████████████████████▉   |  ETA: 0:06:05
Sampling  93%|███████████████████████████████████████▏  |  ETA: 0:05:40
Sampling  94%|███████████████████████████████████████▍  |  ETA: 0:05:14
Sampling  94%|███████████████████████████████████████▌  |  ETA: 0:04:49
Sampling  95%|███████████████████████████████████████▊  |  ETA: 0:04:24
Sampling  95%|████████████████████████████████████████  |  ETA: 0:03:59
Sampling  96%|████████████████████████████████████████▏ |  ETA: 0:03:34
Sampling  96%|████████████████████████████████████████▍ |  ETA: 0:03:09
Sampling  97%|████████████████████████████████████████▋ |  ETA: 0:02:45
Sampling  97%|████████████████████████████████████████▊ |  ETA: 0:02:20
Sampling  98%|█████████████████████████████████████████ |  ETA: 0:01:56
Sampling  98%|█████████████████████████████████████████▎|  ETA: 0:01:31
Sampling  99%|█████████████████████████████████████████▍|  ETA: 0:01:07
Sampling  99%|█████████████████████████████████████████▋|  ETA: 0:00:43
Sampling 100%|█████████████████████████████████████████▉|  ETA: 0:00:19
Sampling 100%|██████████████████████████████████████████| Time: 1:20:26
